2020-04-29 16:00:00.666 INFO  MetricLog kvtm_RANKING_BUILD_CACHE | vn |  | 0 | TOP_APPRAISAL_80 | 
2020-04-29 16:00:00.667 INFO  MetricLog kvtm_RANKING_BUILD_CACHE | vn |  | 0 | TOP_AIRSHIP_DELIVERY_20_1588039200 | 
2020-04-29 16:00:00.669 INFO  MetricLog kvtm_RANKING_BUILD_CACHE | vn |  | 0 | TOP_TRUCK_DELIVERY_20_1590458400 | 
2020-04-29 16:00:00.670 INFO  MetricLog kvtm_RANKING_BUILD_CACHE | vn |  | 0 | TOP_CATCH_BUG_120_1587434400 | 
2020-04-29 16:00:00.672 INFO  MetricLog kvtm_RANKING_BUILD_CACHE | vn |  | 0 | TOP_EVENT_E3ID_70_1588039200 | 
2020-04-29 16:00:00.673 INFO  MetricLog kvtm_RANKING_BUILD_CACHE | vn |  | 0 | TOP_EVENT_E3ID_50_1588039200 | 
2020-04-29 16:00:00.675 INFO  MetricLog kvtm_RANKING_BUILD_CACHE | vn |  | 0 | TOP_EVENT_E3ID_60_1588039200 | 
2020-04-29 16:00:00.676 INFO  MetricLog kvtm_RANKING_BUILD_CACHE | vn |  | 0 | TOP_APPRAISAL_150 | 
2020-04-29 16:00:00.678 INFO  MetricLog kvtm_RANKING_BUILD_CACHE | vn |  | 0 | TOP_AIRSHIP_DELIVERY_120_1588039200 | 
2020-04-29 16:00:00.680 INFO  MetricLog kvtm_RANKING_BUILD_CACHE | vn |  | 0 | TOP_EVENT_E3ID_30_1588039200 | 
2020-04-29 16:00:00.681 INFO  MetricLog kvtm_RANKING_BUILD_CACHE | vn |  | 0 | TOP_EVENT_E3ID_40_1588039200 | 
2020-04-29 16:00:00.683 INFO  MetricLog kvtm_RANKING_BUILD_CACHE | vn |  | 0 | TOP_APPRAISAL_70 | 
2020-04-29 16:00:00.684 INFO  MetricLog kvtm_RANKING_BUILD_CACHE | vn |  | 0 | TOP_EVENT_E3ID_20_1588039200 | 
2020-04-29 16:00:00.692 INFO  MetricLog kvtm_RANKING_BUILD_CACHE | vn |  | 0 | TOP_EVENT_E3ID_120_1588039200 | 
2020-04-29 16:00:00.694 INFO  MetricLog kvtm_RANKING_BUILD_CACHE | vn |  | 0 | TOP_AIRSHIP_FRIEND_PACK_2147483647_1589853600 | 
2020-04-29 16:00:00.696 INFO  MetricLog kvtm_RANKING_BUILD_CACHE | vn |  | 0 | TOP_LEVEL_70 | 
2020-04-29 16:00:00.698 INFO  MetricLog kvtm_RANKING_BUILD_CACHE | vn |  | 0 | TOP_MACHINE_HARVEST_120_1588644000 | 
2020-04-29 16:00:00.699 INFO  MetricLog kvtm_RANKING_BUILD_CACHE | vn |  | 0 | TOP_PLANT_HARVEST_120_1591063200 | 
2020-04-29 16:00:00.700 INFO  MetricLog kvtm_RANKING_BUILD_CACHE | vn |  | 0 | TOP_EVENT_E1ID_120_1586916000 | 
2020-04-29 16:00:00.702 INFO  MetricLog kvtm_RANKING_BUILD_CACHE | vn |  | 0 | TOP_LEVEL_80 | 
2020-04-29 16:00:00.703 INFO  MetricLog kvtm_RANKING_BUILD_CACHE | vn |  | 0 | TOP_LEVEL_120 | 
2020-04-29 16:00:00.705 INFO  MetricLog kvtm_RANKING_BUILD_CACHE | vn |  | 0 | TOP_TRUCK_DELIVERY_120_1590458400 | 
2020-04-29 16:00:00.707 INFO  MetricLog kvtm_RANKING_BUILD_CACHE | vn |  | 0 | TOP_APPRAISAL_90 | 
2020-04-29 16:00:00.708 INFO  MetricLog kvtm_RANKING_BUILD_CACHE | vn |  | 0 | TOP_EVENT_E1ID_50_1586916000 | 
2020-04-29 16:00:00.709 INFO  MetricLog kvtm_RANKING_BUILD_CACHE | vn |  | 0 | TOP_EVENT_E1ID_60_1586916000 | 
2020-04-29 16:00:00.711 INFO  MetricLog kvtm_RANKING_BUILD_CACHE | vn |  | 0 | TOP_EVENT_E1ID_30_1586916000 | 
2020-04-29 16:00:00.713 INFO  MetricLog kvtm_RANKING_BUILD_CACHE | vn |  | 0 | TOP_EVENT_E1ID_40_1586916000 | 
2020-04-29 16:00:00.715 INFO  MetricLog kvtm_RANKING_BUILD_CACHE | vn |  | 0 | TOP_EVENT_E1ID_70_1586916000 | 
2020-04-29 16:00:00.716 INFO  MetricLog kvtm_RANKING_BUILD_CACHE | vn |  | 0 | TOP_EVENT_E1ID_80_1586916000 | 
2020-04-29 16:00:00.718 INFO  MetricLog kvtm_RANKING_BUILD_CACHE | vn |  | 0 | TOP_ORDER_DELIVERY_30_1591668000 | 
2020-04-29 16:00:00.719 INFO  MetricLog kvtm_RANKING_BUILD_CACHE | vn |  | 0 | TOP_EVENT_E1ID_20_1586916000 | 
2020-04-29 16:00:00.721 INFO  MetricLog kvtm_RANKING_BUILD_CACHE | vn |  | 0 | TOP_APPRAISAL_120 | 
2020-04-29 16:00:00.722 INFO  MetricLog kvtm_RANKING_BUILD_CACHE | vn |  | 0 | TOP_ORDER_DELIVERY_20_1591668000 | 
2020-04-29 16:00:00.724 INFO  MetricLog kvtm_RANKING_BUILD_CACHE | vn |  | 0 | TOP_LEVEL_40 | 
2020-04-29 16:00:00.725 INFO  MetricLog kvtm_RANKING_BUILD_CACHE | vn |  | 0 | TOP_ORDER_DELIVERY_70_1591668000 | 
2020-04-29 16:00:00.726 INFO  MetricLog kvtm_RANKING_BUILD_CACHE | vn |  | 0 | TOP_ORDER_DELIVERY_40_1591668000 | 
2020-04-29 16:00:00.728 INFO  MetricLog kvtm_RANKING_BUILD_CACHE | vn |  | 0 | TOP_ORDER_DELIVERY_80_1591668000 | 
2020-04-29 16:00:00.730 INFO  MetricLog kvtm_RANKING_BUILD_CACHE | vn |  | 0 | TOP_ORDER_DELIVERY_50_1591668000 | 
2020-04-29 16:00:00.731 INFO  MetricLog kvtm_RANKING_BUILD_CACHE | vn |  | 0 | TOP_ORDER_DELIVERY_60_1591668000 | 
2020-04-29 16:00:00.733 INFO  MetricLog kvtm_RANKING_BUILD_CACHE | vn |  | 0 | TOP_PLANT_HARVEST_20_1591063200 | 
2020-04-29 16:00:00.734 INFO  MetricLog kvtm_RANKING_BUILD_CACHE | vn |  | 0 | TOP_APPRAISAL_20 | 
2020-04-29 16:00:00.736 INFO  MetricLog kvtm_RANKING_BUILD_CACHE | vn |  | 0 | TOP_MACHINE_HARVEST_70_1588644000 | 
2020-04-29 16:00:00.737 INFO  MetricLog kvtm_RANKING_BUILD_CACHE | vn |  | 0 | TOP_PLANT_HARVEST_40_1591063200 | 
2020-04-29 16:00:00.739 INFO  MetricLog kvtm_RANKING_BUILD_CACHE | vn |  | 0 | TOP_PLANT_HARVEST_2147483647_1591063200 | 
2020-04-29 16:00:00.740 INFO  MetricLog kvtm_RANKING_BUILD_CACHE | vn |  | 0 | TOP_MACHINE_HARVEST_80_1588644000 | 
2020-04-29 16:00:00.742 INFO  MetricLog kvtm_RANKING_BUILD_CACHE | vn |  | 0 | TOP_MINE_120_1589248800 | 
2020-04-29 16:00:00.743 INFO  MetricLog kvtm_RANKING_BUILD_CACHE | vn |  | 0 | TOP_MACHINE_HARVEST_50_1588644000 | 
2020-04-29 16:00:00.745 INFO  MetricLog kvtm_RANKING_BUILD_CACHE | vn |  | 0 | TOP_PLANT_HARVEST_50_1591063200 | 
2020-04-29 16:00:00.747 INFO  MetricLog kvtm_RANKING_BUILD_CACHE | vn |  | 0 | TOP_PLANT_HARVEST_60_1591063200 | 
2020-04-29 16:00:00.748 INFO  MetricLog kvtm_RANKING_BUILD_CACHE | vn |  | 0 | TOP_PLANT_HARVEST_70_1591063200 | 
2020-04-29 16:00:00.750 INFO  MetricLog kvtm_RANKING_BUILD_CACHE | vn |  | 0 | TOP_LEVEL_50 | 
2020-04-29 16:00:00.751 INFO  MetricLog kvtm_RANKING_BUILD_CACHE | vn |  | 0 | TOP_MACHINE_HARVEST_60_1588644000 | 
2020-04-29 16:00:00.752 INFO  MetricLog kvtm_RANKING_BUILD_CACHE | vn |  | 0 | TOP_AIRSHIP_FRIEND_PACK_120_1589853600 | 
2020-04-29 16:00:00.754 INFO  MetricLog kvtm_RANKING_BUILD_CACHE | vn |  | 0 | TOP_PLANT_HARVEST_30_1591063200 | 
